07-02 18:23:24 com_github_MitjaNemec_PlaceFootprints.action_place_footprints 674:Plugin executed on: 'darwin'
07-02 18:23:24 com_github_MitjaNemec_PlaceFootprints.action_place_footprints 675:Plugin executed with python version: '3.9.13 (v3.9.13:6de2ca5339, May 17 2022, 11:37:23) \n[Clang 13.0.0 (clang-1300.0.29.30)]'
07-02 18:23:24 com_github_MitjaNemec_PlaceFootprints.action_place_footprints 676:KiCad build version: 10.0.0
07-02 18:23:24 com_github_MitjaNemec_PlaceFootprints.action_place_footprints 677:Plugin version: 5.0.0

07-02 18:23:24 com_github_MitjaNemec_PlaceFootprints.action_place_footprints 678:Frame repr: <wx._core.Frame object at 0x14186bd30>
07-02 18:23:24 com_github_MitjaNemec_PlaceFootprints.place_footprints 121:getting a list of all footprints on board
07-02 18:23:24 com_github_MitjaNemec_PlaceFootprints.place_footprints 156:Footprint D11 on root level
07-02 18:23:24 com_github_MitjaNemec_PlaceFootprints.place_footprints 156:Footprint D10 on root level
07-02 18:23:24 com_github_MitjaNemec_PlaceFootprints.place_footprints 156:Footprint R12 on root level
07-02 18:23:24 com_github_MitjaNemec_PlaceFootprints.place_footprints 156:Footprint D16 on root level
07-02 18:23:24 com_github_MitjaNemec_PlaceFootprints.place_footprints 156:Footprint R13 on root level
07-02 18:23:24 com_github_MitjaNemec_PlaceFootprints.place_footprints 156:Footprint R3 on root level
07-02 18:23:24 com_github_MitjaNemec_PlaceFootprints.place_footprints 156:Footprint D4 on root level
07-02 18:23:24 com_github_MitjaNemec_PlaceFootprints.place_footprints 156:Footprint D12 on root level
07-02 18:23:24 com_github_MitjaNemec_PlaceFootprints.place_footprints 156:Footprint BT1 on root level
07-02 18:23:24 com_github_MitjaNemec_PlaceFootprints.place_footprints 156:Footprint D1 on root level
07-02 18:23:24 com_github_MitjaNemec_PlaceFootprints.place_footprints 156:Footprint D3 on root level
07-02 18:23:24 com_github_MitjaNemec_PlaceFootprints.place_footprints 156:Footprint D15 on root level
07-02 18:23:24 com_github_MitjaNemec_PlaceFootprints.place_footprints 156:Footprint D13 on root level
07-02 18:23:24 com_github_MitjaNemec_PlaceFootprints.place_footprints 156:Footprint R2 on root level
07-02 18:23:24 com_github_MitjaNemec_PlaceFootprints.place_footprints 156:Footprint R10 on root level
07-02 18:23:24 com_github_MitjaNemec_PlaceFootprints.place_footprints 156:Footprint D9 on root level
07-02 18:23:24 com_github_MitjaNemec_PlaceFootprints.place_footprints 156:Footprint D8 on root level
07-02 18:23:24 com_github_MitjaNemec_PlaceFootprints.place_footprints 156:Footprint R14 on root level
07-02 18:23:24 com_github_MitjaNemec_PlaceFootprints.place_footprints 156:Footprint D14 on root level
07-02 18:23:24 com_github_MitjaNemec_PlaceFootprints.place_footprints 156:Footprint R15 on root level
07-02 18:23:24 com_github_MitjaNemec_PlaceFootprints.place_footprints 156:Footprint R8 on root level
07-02 18:23:24 com_github_MitjaNemec_PlaceFootprints.place_footprints 156:Footprint R7 on root level
07-02 18:23:24 com_github_MitjaNemec_PlaceFootprints.place_footprints 156:Footprint D6 on root level
07-02 18:23:24 com_github_MitjaNemec_PlaceFootprints.place_footprints 156:Footprint D5 on root level
07-02 18:23:24 com_github_MitjaNemec_PlaceFootprints.place_footprints 156:Footprint R4 on root level
07-02 18:23:24 com_github_MitjaNemec_PlaceFootprints.place_footprints 156:Footprint R9 on root level
07-02 18:23:24 com_github_MitjaNemec_PlaceFootprints.place_footprints 156:Footprint D7 on root level
07-02 18:23:24 com_github_MitjaNemec_PlaceFootprints.place_footprints 156:Footprint R1 on root level
07-02 18:23:24 com_github_MitjaNemec_PlaceFootprints.place_footprints 156:Footprint R11 on root level
07-02 18:23:24 com_github_MitjaNemec_PlaceFootprints.place_footprints 156:Footprint R16 on root level
07-02 18:23:24 com_github_MitjaNemec_PlaceFootprints.place_footprints 156:Footprint U1 on root level
07-02 18:23:24 com_github_MitjaNemec_PlaceFootprints.place_footprints 156:Footprint R5 on root level
07-02 18:23:24 com_github_MitjaNemec_PlaceFootprints.place_footprints 156:Footprint U2 on root level
07-02 18:23:24 com_github_MitjaNemec_PlaceFootprints.place_footprints 156:Footprint D2 on root level
07-02 18:23:24 com_github_MitjaNemec_PlaceFootprints.place_footprints 156:Footprint R6 on root level
07-02 18:23:24 com_github_MitjaNemec_PlaceFootprints.action_place_footprints 717:Reference footprint='D10'
07-02 18:23:25 com_github_MitjaNemec_PlaceFootprints.action_place_footprints 858:Reference designator is: D
07-02 18:23:25 com_github_MitjaNemec_PlaceFootprints.action_place_footprints 859:Reference number is: 10
07-02 18:23:25 com_github_MitjaNemec_PlaceFootprints.action_place_footprints 891:Sorted and filtered list:
['D1', 'D2', 'D3', 'D4', 'D5', 'D6', 'D7', 'D8', 'D9', 'D10', 'D11', 'D12', 'D13', 'D14', 'D15', 'D16']
07-02 18:23:25 com_github_MitjaNemec_PlaceFootprints.action_place_footprints 376:wx.Colour(38, 38, 38, 255)
07-02 18:23:30 com_github_MitjaNemec_PlaceFootprints.action_place_footprints 507:'35.823'
07-02 18:23:30 com_github_MitjaNemec_PlaceFootprints.action_place_footprints 559:Preparing config for reference circular
07-02 18:23:30 com_github_MitjaNemec_PlaceFootprints.action_place_footprints 573:Saving config file
07-02 18:23:30 com_github_MitjaNemec_PlaceFootprints.action_place_footprints 575:Saved the config file
07-02 18:23:30 com_github_MitjaNemec_PlaceFootprints.action_place_footprints 929:Footprints to place:
['D1', 'D2', 'D3', 'D4', 'D5', 'D6', 'D7', 'D8', 'D9', 'D10', 'D11', 'D12', 'D13', 'D14', 'D15', 'D16']
07-02 18:23:30 com_github_MitjaNemec_PlaceFootprints.place_footprints 359:Starting placing with circular layout
07-02 18:23:30 com_github_MitjaNemec_PlaceFootprints.place_footprints 369:reference footprint position at: VECTOR2I(145852500, 42390000)
07-02 18:23:30 com_github_MitjaNemec_PlaceFootprints.place_footprints 374:rotation center at: (145852500, 78213000.0)
07-02 18:23:30 com_github_MitjaNemec_PlaceFootprints.place_footprints 506:Text of: D10 has property "Keep upright" rotation might not look as intended
07-02 18:23:30 com_github_MitjaNemec_PlaceFootprints.place_footprints 506:Text of: D10 has property "Keep upright" rotation might not look as intended
07-02 18:23:30 com_github_MitjaNemec_PlaceFootprints.place_footprints 506:Text of: D10 has property "Keep upright" rotation might not look as intended
07-02 18:23:30 com_github_MitjaNemec_PlaceFootprints.place_footprints 506:Text of: D10 has property "Keep upright" rotation might not look as intended
07-02 18:23:30 com_github_MitjaNemec_PlaceFootprints.place_footprints 506:Text of: D10 has property "Keep upright" rotation might not look as intended
07-02 18:23:30 com_github_MitjaNemec_PlaceFootprints.place_footprints 506:Text of: D10 has property "Keep upright" rotation might not look as intended
07-02 18:23:30 com_github_MitjaNemec_PlaceFootprints.place_footprints 506:Text of: D10 has property "Keep upright" rotation might not look as intended
07-02 18:23:30 com_github_MitjaNemec_PlaceFootprints.place_footprints 506:Text of: D10 has property "Keep upright" rotation might not look as intended
07-02 18:23:30 com_github_MitjaNemec_PlaceFootprints.place_footprints 506:Text of: D10 has property "Keep upright" rotation might not look as intended
07-02 18:23:30 com_github_MitjaNemec_PlaceFootprints.place_footprints 506:Text of: D10 has property "Keep upright" rotation might not look as intended
07-02 18:23:30 com_github_MitjaNemec_PlaceFootprints.place_footprints 506:Text of: D10 has property "Keep upright" rotation might not look as intended
07-02 18:23:30 com_github_MitjaNemec_PlaceFootprints.place_footprints 506:Text of: D10 has property "Keep upright" rotation might not look as intended
07-02 18:23:30 com_github_MitjaNemec_PlaceFootprints.place_footprints 506:Text of: D10 has property "Keep upright" rotation might not look as intended
07-02 18:23:30 com_github_MitjaNemec_PlaceFootprints.place_footprints 506:Text of: D10 has property "Keep upright" rotation might not look as intended
07-02 18:23:30 com_github_MitjaNemec_PlaceFootprints.place_footprints 506:Text of: D10 has property "Keep upright" rotation might not look as intended
07-02 18:23:30 com_github_MitjaNemec_PlaceFootprints.place_footprints 506:Text of: D10 has property "Keep upright" rotation might not look as intended
07-02 18:23:30 com_github_MitjaNemec_PlaceFootprints.place_footprints 506:Text of: D10 has property "Keep upright" rotation might not look as intended
07-02 18:23:30 com_github_MitjaNemec_PlaceFootprints.place_footprints 506:Text of: D10 has property "Keep upright" rotation might not look as intended
07-02 18:23:30 com_github_MitjaNemec_PlaceFootprints.place_footprints 506:Text of: D10 has property "Keep upright" rotation might not look as intended
07-02 18:23:30 com_github_MitjaNemec_PlaceFootprints.place_footprints 506:Text of: D10 has property "Keep upright" rotation might not look as intended
07-02 18:23:30 com_github_MitjaNemec_PlaceFootprints.place_footprints 506:Text of: D10 has property "Keep upright" rotation might not look as intended
07-02 18:23:30 com_github_MitjaNemec_PlaceFootprints.place_footprints 506:Text of: D10 has property "Keep upright" rotation might not look as intended
07-02 18:23:30 com_github_MitjaNemec_PlaceFootprints.place_footprints 506:Text of: D10 has property "Keep upright" rotation might not look as intended
07-02 18:23:30 com_github_MitjaNemec_PlaceFootprints.place_footprints 506:Text of: D10 has property "Keep upright" rotation might not look as intended
07-02 18:23:30 com_github_MitjaNemec_PlaceFootprints.place_footprints 506:Text of: D10 has property "Keep upright" rotation might not look as intended
07-02 18:23:30 com_github_MitjaNemec_PlaceFootprints.place_footprints 506:Text of: D10 has property "Keep upright" rotation might not look as intended
07-02 18:23:30 com_github_MitjaNemec_PlaceFootprints.place_footprints 506:Text of: D10 has property "Keep upright" rotation might not look as intended
07-02 18:23:30 com_github_MitjaNemec_PlaceFootprints.place_footprints 506:Text of: D10 has property "Keep upright" rotation might not look as intended
07-02 18:23:30 com_github_MitjaNemec_PlaceFootprints.place_footprints 506:Text of: D10 has property "Keep upright" rotation might not look as intended
07-02 18:23:30 com_github_MitjaNemec_PlaceFootprints.place_footprints 506:Text of: D10 has property "Keep upright" rotation might not look as intended
07-02 18:23:30 com_github_MitjaNemec_PlaceFootprints.place_footprints 506:Text of: D10 has property "Keep upright" rotation might not look as intended
07-02 18:23:30 com_github_MitjaNemec_PlaceFootprints.place_footprints 506:Text of: D10 has property "Keep upright" rotation might not look as intended
07-02 18:23:30 com_github_MitjaNemec_PlaceFootprints.place_footprints 506:Text of: D10 has property "Keep upright" rotation might not look as intended
07-02 18:23:30 com_github_MitjaNemec_PlaceFootprints.place_footprints 506:Text of: D10 has property "Keep upright" rotation might not look as intended
07-02 18:23:30 com_github_MitjaNemec_PlaceFootprints.place_footprints 506:Text of: D10 has property "Keep upright" rotation might not look as intended
07-02 18:23:30 com_github_MitjaNemec_PlaceFootprints.place_footprints 506:Text of: D10 has property "Keep upright" rotation might not look as intended
07-02 18:23:30 com_github_MitjaNemec_PlaceFootprints.place_footprints 506:Text of: D10 has property "Keep upright" rotation might not look as intended
07-02 18:23:30 com_github_MitjaNemec_PlaceFootprints.place_footprints 506:Text of: D10 has property "Keep upright" rotation might not look as intended
07-02 18:23:30 com_github_MitjaNemec_PlaceFootprints.place_footprints 506:Text of: D10 has property "Keep upright" rotation might not look as intended
07-02 18:23:30 com_github_MitjaNemec_PlaceFootprints.place_footprints 506:Text of: D10 has property "Keep upright" rotation might not look as intended
07-02 18:23:30 com_github_MitjaNemec_PlaceFootprints.place_footprints 506:Text of: D10 has property "Keep upright" rotation might not look as intended
07-02 18:23:30 com_github_MitjaNemec_PlaceFootprints.place_footprints 506:Text of: D10 has property "Keep upright" rotation might not look as intended
07-02 18:23:30 com_github_MitjaNemec_PlaceFootprints.place_footprints 506:Text of: D10 has property "Keep upright" rotation might not look as intended
07-02 18:23:30 com_github_MitjaNemec_PlaceFootprints.place_footprints 506:Text of: D10 has property "Keep upright" rotation might not look as intended
07-02 18:23:30 com_github_MitjaNemec_PlaceFootprints.place_footprints 506:Text of: D10 has property "Keep upright" rotation might not look as intended
07-02 18:23:30 com_github_MitjaNemec_PlaceFootprints.action_place_footprints 944:Placing complete
